SF:lib/name_vm.dart
DA:10,2
DA:11,4
DA:13,2
DA:14,4
DA:15,3
DA:18,2
DA:19,4
DA:21,4
DA:22,8
DA:24,4
DA:25,8
DA:26,6
LF:12
LH:12
end_of_record
SF:lib/main.dart
DA:5,6
DA:111,0
DA:112,0
DA:116,3
DA:119,1
DA:121,1
DA:123,1
DA:124,1
DA:133,2
DA:137,1
DA:138,1
DA:144,1
DA:146,1
DA:147,3
DA:148,2
DA:150,2
DA:153,1
DA:155,1
DA:156,1
DA:157,3
DA:158,3
DA:160,1
DA:163,3
DA:164,1
DA:165,4
DA:166,1
DA:169,1
DA:170,2
DA:171,1
DA:174,1
DA:175,2
DA:176,1
DA:177,1
DA:178,1
DA:182,2
DA:185,1
DA:186,2
LF:37
LH:35
end_of_record
